(0000) 3000  0011000000000000 (   1)                 .ORIG x3000
(3000) E04F  1110000001001111 (   3)                 LEA   R0 HELLO
(3001) F022  1111000000100010 (   4)                 TRAP  x22
(3002) 5260  0101001001100000 (   5) BEGIN           AND   R1 R1 #0
(3003) 54A0  0101010010100000 (   6)                 AND   R2 R2 #0
(3004) 56E0  0101011011100000 (   7)                 AND   R3 R3 #0
(3005) 5920  0101100100100000 (   8)                 AND   R4 R4 #0
(3006) 5B60  0101101101100000 (   9)                 AND   R5 R5 #0
(3007) 5DA0  0101110110100000 (  10)                 AND   R6 R6 #0
(3008) 5FE0  0101111111100000 (  11)                 AND   R7 R7 #0
(3009) E07E  1110000001111110 (  13)                 LEA   R0 MSG
(300A) F022  1111000000100010 (  14)                 TRAP  x22
(300B) 242F  0010010000101111 (  15)                 LD    R2 ENDX
(300C) 262D  0010011000101101 (  16)                 LD    R3 HYPHEN
(300D) 282E  0010100000101110 (  17)                 LD    R4 ENT
(300E) F020  1111000000100000 (  19) INPUT           TRAP  x20
(300F) F021  1111000000100001 (  20)                 TRAP  x21
(3010) 1C02  0001110000000010 (  21)                 ADD   R6 R0 R2
(3011) 0425  0000010000100101 (  22)                 BRZ   END
(3012) 1C03  0001110000000011 (  23)                 ADD   R6 R0 R3
(3013) 0420  0000010000100000 (  24)                 BRZ   NEG
(3014) 2C23  0010110000100011 (  25)                 LD    R6 TIMES
(3015) 1A45  0001101001000101 (  26) TEN             ADD   R5 R1 R5
(3016) 1DBF  0001110110111111 (  27)                 ADD   R6 R6 #-1
(3017) 03FD  0000001111111101 (  28)                 BRP   TEN
(3018) 1204  0001001000000100 (  29)                 ADD   R1 R0 R4
(3019) 0405  0000010000000101 (  30)                 BRZ   PRINT
(301A) 221E  0010001000011110 (  31)                 LD    R1 DIGIT
(301B) 1001  0001000000000001 (  32)                 ADD   R0 R0 R1
(301C) 1360  0001001101100000 (  33)                 ADD   R1 R5 #0
(301D) 1A05  0001101000000101 (  34)                 ADD   R5 R0 R5
(301E) 0FEF  0000111111101111 (  35)                 BRNZP INPUT
(301F) 12FF  0001001011111111 (  37) PRINT           ADD   R1 R3 #-1
(3020) 0802  0000100000000010 (  38)                 BRN   PRINTC
(3021) 9B7F  1001101101111111 (  39)                 NOT   R5 R5
(3022) 1B61  0001101101100001 (  40)                 ADD   R5 R5 #1
(3023) 2219  0010001000011001 (  41) PRINTC          LD    R1 COUNT
(3024) 241B  0010010000011011 (  42)                 LD    R2 MASKS
(3025) E61A  1110011000011010 (  43)                 LEA   R3 MASKS
(3026) 5085  0101000010000101 (  44) COMP            AND   R0 R2 R5
(3027) 0401  0000010000000001 (  45)                 BRZ   PRINTZ
(3028) 0E03  0000111000000011 (  46)                 BRNZP PRINTO
(3029) 2014  0010000000010100 (  48) PRINTZ          LD    R0 ZERO
(302A) F021  1111000000100001 (  49)                 TRAP  x21
(302B) 0E03  0000111000000011 (  50)                 BRNZP DEC
(302C) 2012  0010000000010010 (  52) PRINTO          LD    R0 ONE
(302D) F021  1111000000100001 (  53)                 TRAP  x21
(302E) 0E00  0000111000000000 (  54)                 BRNZP DEC
(302F) 16E1  0001011011100001 (  56) DEC             ADD   R3 R3 #1
(3030) 127F  0001001001111111 (  57)                 ADD   R1 R1 #-1
(3031) 09D0  0000100111010000 (  58)                 BRN   BEGIN
(3032) 64C0  0110010011000000 (  59)                 LDR   R2 R3 #0
(3033) 0FF2  0000111111110010 (  60)                 BRNZP COMP
(3034) 56E0  0101011011100000 (  62) NEG             AND   R3 R3 #0
(3035) 16E1  0001011011100001 (  63)                 ADD   R3 R3 #1
(3036) 0FD7  0000111111010111 (  64)                 BRNZP INPUT
(3037) F025  1111000000100101 (  66) END             TRAP  x25
(3038) 0009  0000000000001001 (  68) TIMES           .FILL x0009
(3039) FFD0  1111111111010000 (  69) DIGIT           .FILL xFFD0
(303A) FFD3  1111111111010011 (  70) HYPHEN          .FILL xFFD3
(303B) FFA8  1111111110101000 (  71) ENDX            .FILL xFFA8
(303C) FFF6  1111111111110110 (  72) ENT             .FILL xFFF6
(303D) 000F  0000000000001111 (  73) COUNT           .FILL x000F
(303E) 0030  0000000000110000 (  74) ZERO            .FILL x0030
(303F) 0031  0000000000110001 (  75) ONE             .FILL x0031
(3040) 8000  1000000000000000 (  76) MASKS           .FILL x8000
(3041) 4000  0100000000000000 (  77)                 .FILL x4000
(3042) 2000  0010000000000000 (  78)                 .FILL x2000
(3043) 1000  0001000000000000 (  79)                 .FILL x1000
(3044) 0800  0000100000000000 (  80)                 .FILL x0800
(3045) 0400  0000010000000000 (  81)                 .FILL x0400
(3046) 0200  0000001000000000 (  82)                 .FILL x0200
(3047) 0100  0000000100000000 (  83)                 .FILL x0100
(3048) 0080  0000000010000000 (  84)                 .FILL x0080
(3049) 0040  0000000001000000 (  85)                 .FILL x0040
(304A) 0020  0000000000100000 (  86)                 .FILL x0020
(304B) 0010  0000000000010000 (  87)                 .FILL x0010
(304C) 0008  0000000000001000 (  88)                 .FILL x0008
(304D) 0004  0000000000000100 (  89)                 .FILL x0004
(304E) 0002  0000000000000010 (  90)                 .FILL x0002
(304F) 0001  0000000000000001 (  91)                 .FILL x0001
(3050) 000A  0000000000001010 (  92) HELLO           .FILL x000A
(3051) 0048  0000000001001000 (  92)                 .FILL x0048
(3052) 0065  0000000001100101 (  92)                 .FILL x0065
(3053) 006C  0000000001101100 (  92)                 .FILL x006C
(3054) 006C  0000000001101100 (  92)                 .FILL x006C
(3055) 006F  0000000001101111 (  92)                 .FILL x006F
(3056) 002C  0000000000101100 (  92)                 .FILL x002C
(3057) 0020  0000000000100000 (  92)                 .FILL x0020
(3058) 0077  0000000001110111 (  92)                 .FILL x0077
(3059) 0065  0000000001100101 (  92)                 .FILL x0065
(305A) 006C  0000000001101100 (  92)                 .FILL x006C
(305B) 0063  0000000001100011 (  92)                 .FILL x0063
(305C) 006F  0000000001101111 (  92)                 .FILL x006F
(305D) 006D  0000000001101101 (  92)                 .FILL x006D
(305E) 0065  0000000001100101 (  92)                 .FILL x0065
(305F) 0020  0000000000100000 (  92)                 .FILL x0020
(3060) 0074  0000000001110100 (  92)                 .FILL x0074
(3061) 006F  0000000001101111 (  92)                 .FILL x006F
(3062) 0020  0000000000100000 (  92)                 .FILL x0020
(3063) 0044  0000000001000100 (  92)                 .FILL x0044
(3064) 0061  0000000001100001 (  92)                 .FILL x0061
(3065) 006E  0000000001101110 (  92)                 .FILL x006E
(3066) 0069  0000000001101001 (  92)                 .FILL x0069
(3067) 0065  0000000001100101 (  92)                 .FILL x0065
(3068) 006C  0000000001101100 (  92)                 .FILL x006C
(3069) 0027  0000000000100111 (  92)                 .FILL x0027
(306A) 0073  0000000001110011 (  92)                 .FILL x0073
(306B) 0020  0000000000100000 (  92)                 .FILL x0020
(306C) 0044  0000000001000100 (  92)                 .FILL x0044
(306D) 0065  0000000001100101 (  92)                 .FILL x0065
(306E) 0063  0000000001100011 (  92)                 .FILL x0063
(306F) 0069  0000000001101001 (  92)                 .FILL x0069
(3070) 006D  0000000001101101 (  92)                 .FILL x006D
(3071) 0061  0000000001100001 (  92)                 .FILL x0061
(3072) 006C  0000000001101100 (  92)                 .FILL x006C
(3073) 0020  0000000000100000 (  92)                 .FILL x0020
(3074) 0074  0000000001110100 (  92)                 .FILL x0074
(3075) 006F  0000000001101111 (  92)                 .FILL x006F
(3076) 0020  0000000000100000 (  92)                 .FILL x0020
(3077) 0042  0000000001000010 (  92)                 .FILL x0042
(3078) 0069  0000000001101001 (  92)                 .FILL x0069
(3079) 006E  0000000001101110 (  92)                 .FILL x006E
(307A) 0061  0000000001100001 (  92)                 .FILL x0061
(307B) 0072  0000000001110010 (  92)                 .FILL x0072
(307C) 0079  0000000001111001 (  92)                 .FILL x0079
(307D) 0020  0000000000100000 (  92)                 .FILL x0020
(307E) 0043  0000000001000011 (  92)                 .FILL x0043
(307F) 006F  0000000001101111 (  92)                 .FILL x006F
(3080) 006E  0000000001101110 (  92)                 .FILL x006E
(3081) 0076  0000000001110110 (  92)                 .FILL x0076
(3082) 0065  0000000001100101 (  92)                 .FILL x0065
(3083) 0072  0000000001110010 (  92)                 .FILL x0072
(3084) 0074  0000000001110100 (  92)                 .FILL x0074
(3085) 0065  0000000001100101 (  92)                 .FILL x0065
(3086) 0072  0000000001110010 (  92)                 .FILL x0072
(3087) 0000  0000000000000000 (  92)                 .FILL x0000
(3088) 000A  0000000000001010 (  93) MSG             .FILL x000A
(3089) 0050  0000000001010000 (  93)                 .FILL x0050
(308A) 006C  0000000001101100 (  93)                 .FILL x006C
(308B) 0065  0000000001100101 (  93)                 .FILL x0065
(308C) 0061  0000000001100001 (  93)                 .FILL x0061
(308D) 0073  0000000001110011 (  93)                 .FILL x0073
(308E) 0065  0000000001100101 (  93)                 .FILL x0065
(308F) 0020  0000000000100000 (  93)                 .FILL x0020
(3090) 0065  0000000001100101 (  93)                 .FILL x0065
(3091) 006E  0000000001101110 (  93)                 .FILL x006E
(3092) 0074  0000000001110100 (  93)                 .FILL x0074
(3093) 0065  0000000001100101 (  93)                 .FILL x0065
(3094) 0072  0000000001110010 (  93)                 .FILL x0072
(3095) 0020  0000000000100000 (  93)                 .FILL x0020
(3096) 0061  0000000001100001 (  93)                 .FILL x0061
(3097) 0020  0000000000100000 (  93)                 .FILL x0020
(3098) 0064  0000000001100100 (  93)                 .FILL x0064
(3099) 0065  0000000001100101 (  93)                 .FILL x0065
(309A) 0063  0000000001100011 (  93)                 .FILL x0063
(309B) 0069  0000000001101001 (  93)                 .FILL x0069
(309C) 006D  0000000001101101 (  93)                 .FILL x006D
(309D) 0061  0000000001100001 (  93)                 .FILL x0061
(309E) 006C  0000000001101100 (  93)                 .FILL x006C
(309F) 0020  0000000000100000 (  93)                 .FILL x0020
(30A0) 006F  0000000001101111 (  93)                 .FILL x006F
(30A1) 0072  0000000001110010 (  93)                 .FILL x0072
(30A2) 0020  0000000000100000 (  93)                 .FILL x0020
(30A3) 0074  0000000001110100 (  93)                 .FILL x0074
(30A4) 0065  0000000001100101 (  93)                 .FILL x0065
(30A5) 0072  0000000001110010 (  93)                 .FILL x0072
(30A6) 006D  0000000001101101 (  93)                 .FILL x006D
(30A7) 0069  0000000001101001 (  93)                 .FILL x0069
(30A8) 006E  0000000001101110 (  93)                 .FILL x006E
(30A9) 0061  0000000001100001 (  93)                 .FILL x0061
(30AA) 0074  0000000001110100 (  93)                 .FILL x0074
(30AB) 0065  0000000001100101 (  93)                 .FILL x0065
(30AC) 0020  0000000000100000 (  93)                 .FILL x0020
(30AD) 0077  0000000001110111 (  93)                 .FILL x0077
(30AE) 0069  0000000001101001 (  93)                 .FILL x0069
(30AF) 0074  0000000001110100 (  93)                 .FILL x0074
(30B0) 0068  0000000001101000 (  93)                 .FILL x0068
(30B1) 0020  0000000000100000 (  93)                 .FILL x0020
(30B2) 0058  0000000001011000 (  93)                 .FILL x0058
(30B3) 003A  0000000000111010 (  93)                 .FILL x003A
(30B4) 000A  0000000000001010 (  93)                 .FILL x000A
(30B5) 0000  0000000000000000 (  93)                 .FILL x0000
